mode: set
/Users/kumar.rajat/GolandProjects/awesomeProject/day1-2026/test1.go:51.24,53.2 1 1
/Users/kumar.rajat/GolandProjects/awesomeProject/day1-2026/test1.go:54.36,55.12 1 1
/Users/kumar.rajat/GolandProjects/awesomeProject/day1-2026/test1.go:55.12,57.3 1 1
/Users/kumar.rajat/GolandProjects/awesomeProject/day1-2026/test1.go:58.2,58.19 1 1
/Users/kumar.rajat/GolandProjects/awesomeProject/day1-2026/test1.go:61.13,66.16 4 0
/Users/kumar.rajat/GolandProjects/awesomeProject/day1-2026/test1.go:66.16,69.3 1 0
/Users/kumar.rajat/GolandProjects/awesomeProject/day1-2026/test1.go:70.2,70.21 1 0
